Using pre-set license
Built from '2022.3/staging' branch; Version is '2022.3.21f1 (bf09ca542b87) revision 12519882'; Using compiler version '192829333'; Build Type 'Release'
OS: 'Windows 11  (10.0.22631) 64bit Core' Language: 'nl' Physical Memory: 16272 MB
BatchMode: 1, IsHumanControllingUs: 0, StartBugReporterOnCrash: 0, Is64bit: 1, IsPro: 1

COMMAND LINE ARGUMENTS:
D:\Unity\2022.3.21f1\Editor\Unity.exe
-adb2
-batchMode
-noUpm
-name
AssetImportWorker0
-projectPath
D:/CMGT/23-24/Q3_Networking/Assignments/Assignment_4_Sufficient/Networking_Assignment4_Sufficient/client_4
-logFile
Logs/AssetImportWorker0.log
-srvPort
51227
Successfully changed project path to: D:/CMGT/23-24/Q3_Networking/Assignments/Assignment_4_Sufficient/Networking_Assignment4_Sufficient/client_4
D:/CMGT/23-24/Q3_Networking/Assignments/Assignment_4_Sufficient/Networking_Assignment4_Sufficient/client_4
[UnityMemory] Configuration Parameters - Can be set up in boot.config
    "memorysetup-bucket-allocator-granularity=16"
    "memorysetup-bucket-allocator-bucket-count=8"
    "memorysetup-bucket-allocator-block-size=33554432"
    "memorysetup-bucket-allocator-block-count=8"
    "memorysetup-main-allocator-block-size=16777216"
    "memorysetup-thread-allocator-block-size=16777216"
    "memorysetup-gfx-main-allocator-block-size=16777216"
    "memorysetup-gfx-thread-allocator-block-size=16777216"
    "memorysetup-cache-allocator-block-size=4194304"
    "memorysetup-typetree-allocator-block-size=2097152"
    "memorysetup-profiler-bucket-allocator-granularity=16"
    "memorysetup-profiler-bucket-allocator-bucket-count=8"
    "memorysetup-profiler-bucket-allocator-block-size=33554432"
    "memorysetup-profiler-bucket-allocator-block-count=8"
    "memorysetup-profiler-allocator-block-size=16777216"
    "memorysetup-profiler-editor-allocator-block-size=1048576"
    "memorysetup-temp-allocator-size-main=16777216"
    "memorysetup-job-temp-allocator-block-size=2097152"
    "memorysetup-job-temp-allocator-block-size-background=1048576"
    "memorysetup-job-temp-allocator-reduction-small-platforms=262144"
    "memorysetup-allocator-temp-initial-block-size-main=262144"
    "memorysetup-allocator-temp-initial-block-size-worker=262144"
    "memorysetup-temp-allocator-size-background-worker=32768"
    "memorysetup-temp-allocator-size-job-worker=262144"
    "memorysetup-temp-allocator-size-preload-manager=33554432"
    "memorysetup-temp-allocator-size-nav-mesh-worker=65536"
    "memorysetup-temp-allocator-size-audio-worker=65536"
    "memorysetup-temp-allocator-size-cloud-worker=32768"
    "memorysetup-temp-allocator-size-gi-baking-worker=262144"
    "memorysetup-temp-allocator-size-gfx=262144"
Player connection [6560] Host "[IP] 192.168.68.124 [Port] 0 [Flags] 2 [Guid] 104081415 [EditorId] 104081415 [Version] 1048832 [Id] WindowsEditor(7,LAPTOP-AMKE) [Debug] 1 [PackageName] WindowsEditor [ProjectName] Editor" joined multi-casting on [225.0.0.222:54997]...

Player connection [6560] Host "[IP] 192.168.68.124 [Port] 0 [Flags] 2 [Guid] 104081415 [EditorId] 104081415 [Version] 1048832 [Id] WindowsEditor(7,LAPTOP-AMKE) [Debug] 1 [PackageName] WindowsEditor [ProjectName] Editor" joined alternative multi-casting on [225.0.0.222:34997]...

[Physics::Module] Initialized MultithreadedJobDispatcher with 11 workers.
Refreshing native plugins compatible for Editor in 2.12 ms, found 0 plugins.
Preloading 0 native plugins for Editor in 0.00 ms.
Initialize engine version: 2022.3.21f1 (bf09ca542b87)
[Subsystems] Discovering subsystems at path D:/Unity/2022.3.21f1/Editor/Data/Resources/UnitySubsystems
[Subsystems] Discovering subsystems at path D:/CMGT/23-24/Q3_Networking/Assignments/Assignment_4_Sufficient/Networking_Assignment4_Sufficient/client_4/Assets
GfxDevice: creating device client; threaded=0; jobified=0
Direct3D:
    Version:  Direct3D 11.0 [level 11.1]
    Renderer: NVIDIA GeForce GTX 1050 Ti (ID=0x1c8c)
    Vendor:   NVIDIA
    VRAM:     4017 MB
    Driver:   31.0.15.3734
Initialize mono
Mono path[0] = 'D:/Unity/2022.3.21f1/Editor/Data/Managed'
Mono path[1] = 'D:/Unity/2022.3.21f1/Editor/Data/MonoBleedingEdge/lib/mono/unityjit-win32'
Mono config path = 'D:/Unity/2022.3.21f1/Editor/Data/MonoBleedingEdge/etc'
Using monoOptions --debugger-agent=transport=dt_socket,embedding=1,server=y,suspend=n,address=127.0.0.1:56404
Begin MonoManager ReloadAssembly
Registering precompiled unity dll's ...
Register platform support module: D:/Unity/2022.3.21f1/Editor/Data/PlaybackEngines/WindowsStandaloneSupport/UnityEditor.WindowsStandalone.Extensions.dll
Registered in 0.003841 seconds.
- Loaded All Assemblies, in  0.488 seconds
Native extension for WindowsStandalone target not found
Mono: successfully reloaded assembly
- Finished resetting the current domain, in  0.349 seconds
Domain Reload Profiling: 837ms
	BeginReloadAssembly (149ms)
		ExecutionOrderSort (0ms)
		DisableScriptedObjects (0ms)
		BackupInstance (0ms)
		ReleaseScriptingObjects (0ms)
		CreateAndSetChildDomain (1ms)
	RebuildCommonClasses (52ms)
	RebuildNativeTypeToScriptingClass (19ms)
	initialDomainReloadingComplete (69ms)
	LoadAllAssembliesAndSetupDomain (198ms)
		LoadAssemblies (148ms)
		RebuildTransferFunctionScriptingTraits (0ms)
		AnalyzeDomain (196ms)
			TypeCache.Refresh (194ms)
				TypeCache.ScanAssembly (177ms)
			ScanForSourceGeneratedMonoScriptInfo (0ms)
			ResolveRequiredComponents (1ms)
	FinalizeReload (350ms)
		ReleaseScriptCaches (0ms)
		RebuildScriptCaches (0ms)
		SetupLoadedEditorAssemblies (277ms)
			LogAssemblyErrors (0ms)
			InitializePlatformSupportModulesInManaged (9ms)
			SetLoadedEditorAssemblies (9ms)
			RefreshPlugins (0ms)
			BeforeProcessingInitializeOnLoad (2ms)
			ProcessInitializeOnLoadAttributes (194ms)
			ProcessInitializeOnLoadMethodAttributes (63ms)
			AfterProcessingInitializeOnLoad (0ms)
			EditorAssembliesLoaded (0ms)
		ExecutionOrderSort2 (0ms)
		AwakeInstancesAfterBackupRestoration (0ms)
========================================================================
Worker process is ready to serve import requests
Begin MonoManager ReloadAssembly
- Loaded All Assemblies, in  0.451 seconds
Refreshing native plugins compatible for Editor in 0.74 ms, found 0 plugins.
Native extension for WindowsStandalone target not found
Mono: successfully reloaded assembly
- Finished resetting the current domain, in  0.444 seconds
Domain Reload Profiling: 895ms
	BeginReloadAssembly (188ms)
		ExecutionOrderSort (0ms)
		DisableScriptedObjects (6ms)
		BackupInstance (0ms)
		ReleaseScriptingObjects (0ms)
		CreateAndSetChildDomain (31ms)
	RebuildCommonClasses (40ms)
	RebuildNativeTypeToScriptingClass (13ms)
	initialDomainReloadingComplete (40ms)
	LoadAllAssembliesAndSetupDomain (171ms)
		LoadAssemblies (234ms)
		RebuildTransferFunctionScriptingTraits (0ms)
		AnalyzeDomain (45ms)
			TypeCache.Refresh (35ms)
				TypeCache.ScanAssembly (22ms)
			ScanForSourceGeneratedMonoScriptInfo (6ms)
			ResolveRequiredComponents (4ms)
	FinalizeReload (444ms)
		ReleaseScriptCaches (0ms)
		RebuildScriptCaches (0ms)
		SetupLoadedEditorAssemblies (271ms)
			LogAssemblyErrors (0ms)
			InitializePlatformSupportModulesInManaged (5ms)
			SetLoadedEditorAssemblies (3ms)
			RefreshPlugins (0ms)
			BeforeProcessingInitializeOnLoad (40ms)
			ProcessInitializeOnLoadAttributes (191ms)
			ProcessInitializeOnLoadMethodAttributes (29ms)
			AfterProcessingInitializeOnLoad (4ms)
			EditorAssembliesLoaded (0ms)
		ExecutionOrderSort2 (0ms)
		AwakeInstancesAfterBackupRestoration (15ms)
Launched and connected shader compiler UnityShaderCompiler.exe after 0.07 seconds
Refreshing native plugins compatible for Editor in 0.79 ms, found 0 plugins.
Preloading 0 native plugins for Editor in 0.00 ms.
Unloading 790 Unused Serialized files (Serialized files now loaded: 0)
Unloading 13 unused Assets / (51.4 KB). Loaded Objects now: 1261.
Memory consumption went from 70.8 MB to 70.8 MB.
Total: 3.869100 ms (FindLiveObjects: 0.217200 ms CreateObjectMapping: 0.060100 ms MarkObjects: 3.048400 ms  DeleteObjects: 0.541500 ms)

AssetImportParameters requested are different than current active one (requested -> active):
  custom:video-encoder-webm-vp8: eb34c28f22e8b96e1ab97ce403110664 -> 
  custom:video-decoder-webm-vp8: 9c59270c3fd7afecdb556c50c9e8de78 -> 
  custom:audio-decoder-ogg-vorbis: bf7c407c2cedff20999df2af8eb42d56 -> 
  custom:video-decoder-ogg-theora: a1e56fd34408186e4bbccfd4996cb3dc -> 
  custom:audio-encoder-webm-vorbis: bf7c407c2cedff20999df2af8eb42d56 -> 
  custom:SearchIndexIgnoredProperties: e643bd26f0fe6173181afceb89e7c659 -> 
  custom:container-demuxer-ogg: 62fdf1f143b41e24485cea50d1cbac27 -> 
  custom:AudioImporter_EditorPlatform: d09bf68614088b80899f8185d706f6e7 -> 
  custom:CustomObjectIndexerAttribute: 9a22284fe3817be447336de3de66b15e -> 
  custom:framework-win-MediaFoundation: 216162199b28c13a410421893ffa2e32 -> 
  custom:container-demuxer-webm: 4f35f7cbe854078d1ac9338744f61a02 -> 
  custom:container-muxer-webm: aa71ff27fc2769a1b78a27578f13a17b -> 
  custom:video-codec-MediaFoundation-h265: 746d11721c4dcdbdad8f713fa42b33f4 -> 
========================================================================
Received Import Request.
  Time since last request: 357139.714082 seconds.
  path: Assets/ClientDemo.unity
  artifactKey: Guid(99b6a436ce7c67d479e8b39abf53b69b) Importer(815301076,1909f56bfc062723c751e8b465ee728b)
Start importing Assets/ClientDemo.unity using Guid(99b6a436ce7c67d479e8b39abf53b69b) Importer(815301076,1909f56bfc062723c751e8b465ee728b)  -> (artifact id: 'feeebeef156343edc6252c29fd539626') in 0.003490 seconds
Number of updated asset objects reloaded before import = 0
Number of asset objects unloaded after import = 0
========================================================================
Received Import Request.
  Time since last request: 6.346600 seconds.
  path: Assets/Scripts/GameBoard.cs
  artifactKey: Guid(92b20ee50f6e84d448ac0d616bf3d07b) Importer(815301076,1909f56bfc062723c751e8b465ee728b)
Start importing Assets/Scripts/GameBoard.cs using Guid(92b20ee50f6e84d448ac0d616bf3d07b) Importer(815301076,1909f56bfc062723c751e8b465ee728b)  -> (artifact id: 'c18e883c1c41fad4a7bd314c258fa5d9') in 0.000403 seconds
Number of updated asset objects reloaded before import = 0
Number of asset objects unloaded after import = 0
========================================================================
Received Import Request.
  Time since last request: 11.414549 seconds.
  path: Assets/Scripts/UnitySystemConsoleRedirector.cs
  artifactKey: Guid(a9b65f0c37f270a4aba700cad92cc551) Importer(815301076,1909f56bfc062723c751e8b465ee728b)
Start importing Assets/Scripts/UnitySystemConsoleRedirector.cs using Guid(a9b65f0c37f270a4aba700cad92cc551) Importer(815301076,1909f56bfc062723c751e8b465ee728b)  -> (artifact id: '90f3c2fb31d8cf558e87fe7f7470a658') in 0.000422 seconds
Number of updated asset objects reloaded before import = 0
Number of asset objects unloaded after import = 0
========================================================================
Received Import Request.
  Time since last request: 5.035148 seconds.
  path: Assets/Scripts/Editor/Isolator.cs
  artifactKey: Guid(0803de001d4791c4a966a30c4a7f585a) Importer(815301076,1909f56bfc062723c751e8b465ee728b)
Start importing Assets/Scripts/Editor/Isolator.cs using Guid(0803de001d4791c4a966a30c4a7f585a) Importer(815301076,1909f56bfc062723c751e8b465ee728b)  -> (artifact id: '83383d9d22c028ec8e16431933eb1939') in 0.000441 seconds
Number of updated asset objects reloaded before import = 0
Number of asset objects unloaded after import = 0
========================================================================
Received Import Request.
  Time since last request: 3.336429 seconds.
  path: Assets/Scripts/Editor/StateIsolator.cs
  artifactKey: Guid(f63f98dfa99945f42aef9f1a8215ae03) Importer(815301076,1909f56bfc062723c751e8b465ee728b)
Start importing Assets/Scripts/Editor/StateIsolator.cs using Guid(f63f98dfa99945f42aef9f1a8215ae03) Importer(815301076,1909f56bfc062723c751e8b465ee728b)  -> (artifact id: '1ca18ecc7eda363d2a005c9c92043bce') in 0.000388 seconds
Number of updated asset objects reloaded before import = 0
Number of asset objects unloaded after import = 0
========================================================================
Received Import Request.
  Time since last request: 3.277197 seconds.
  path: Assets/Scripts/Editor/ViewIsolator.cs
  artifactKey: Guid(143843998ee9f6f4085e3f65708f7d6e) Importer(815301076,1909f56bfc062723c751e8b465ee728b)
Start importing Assets/Scripts/Editor/ViewIsolator.cs using Guid(143843998ee9f6f4085e3f65708f7d6e) Importer(815301076,1909f56bfc062723c751e8b465ee728b)  -> (artifact id: 'b2a13530b99dbd96a194a1f9c3bd7397') in 0.000371 seconds
Number of updated asset objects reloaded before import = 0
Number of asset objects unloaded after import = 0
========================================================================
Received Import Request.
  Time since last request: 5.639743 seconds.
  path: Assets/Scripts/fsm/core/ApplicationFSM.cs
  artifactKey: Guid(ec5028938816400459dd201c2e7b66ea) Importer(815301076,1909f56bfc062723c751e8b465ee728b)
Start importing Assets/Scripts/fsm/core/ApplicationFSM.cs using Guid(ec5028938816400459dd201c2e7b66ea) Importer(815301076,1909f56bfc062723c751e8b465ee728b)  -> (artifact id: 'ac6e4a7ad418c49b7e090e86e6a703bb') in 0.000374 seconds
Number of updated asset objects reloaded before import = 0
Number of asset objects unloaded after import = 0
========================================================================
Received Import Request.
  Time since last request: 3.786286 seconds.
  path: Assets/Scripts/fsm/core/ApplicationState.cs
  artifactKey: Guid(913e16db4df874347ae75b24eca7f697) Importer(815301076,1909f56bfc062723c751e8b465ee728b)
Start importing Assets/Scripts/fsm/core/ApplicationState.cs using Guid(913e16db4df874347ae75b24eca7f697) Importer(815301076,1909f56bfc062723c751e8b465ee728b)  -> (artifact id: '17d79800c0b7c4d7b77df62a4b0d468d') in 0.000420 seconds
Number of updated asset objects reloaded before import = 0
Number of asset objects unloaded after import = 0
========================================================================
Received Import Request.
  Time since last request: 2.893165 seconds.
  path: Assets/Scripts/fsm/core/ApplicationStateWithView.cs
  artifactKey: Guid(e890834b6a769784fad9fe62c634f58b) Importer(815301076,1909f56bfc062723c751e8b465ee728b)
Start importing Assets/Scripts/fsm/core/ApplicationStateWithView.cs using Guid(e890834b6a769784fad9fe62c634f58b) Importer(815301076,1909f56bfc062723c751e8b465ee728b)  -> (artifact id: '36947dbddd7837d4312f7249530da701') in 0.000419 seconds
Number of updated asset objects reloaded before import = 0
Number of asset objects unloaded after import = 0
========================================================================
Received Import Request.
  Time since last request: 3.383751 seconds.
  path: Assets/Scripts/fsm/core/View.cs
  artifactKey: Guid(b99dba4ff95ce9b47842c69b6ff404b3) Importer(815301076,1909f56bfc062723c751e8b465ee728b)
Start importing Assets/Scripts/fsm/core/View.cs using Guid(b99dba4ff95ce9b47842c69b6ff404b3) Importer(815301076,1909f56bfc062723c751e8b465ee728b)  -> (artifact id: '5a9e69dfe6e959165e103149b9b7bc56') in 0.000376 seconds
Number of updated asset objects reloaded before import = 0
Number of asset objects unloaded after import = 0
========================================================================
Received Import Request.
  Time since last request: 4.337231 seconds.
  path: Assets/Scripts/fsm/states
  artifactKey: Guid(f1b60edf957c92a4c998e25c973eadde) Importer(815301076,1909f56bfc062723c751e8b465ee728b)
Start importing Assets/Scripts/fsm/states using Guid(f1b60edf957c92a4c998e25c973eadde) Importer(815301076,1909f56bfc062723c751e8b465ee728b)  -> (artifact id: '0c73bdfae4fcd9e690504d5a5eb27d5a') in 0.000376 seconds
Number of updated asset objects reloaded before import = 0
Number of asset objects unloaded after import = 0
========================================================================
Received Import Request.
  Time since last request: 1.277789 seconds.
  path: Assets/Scripts/fsm/states/GameState.cs
  artifactKey: Guid(63cc6ad5a7d92c7418d8ab27c3344211) Importer(815301076,1909f56bfc062723c751e8b465ee728b)
Start importing Assets/Scripts/fsm/states/GameState.cs using Guid(63cc6ad5a7d92c7418d8ab27c3344211) Importer(815301076,1909f56bfc062723c751e8b465ee728b)  -> (artifact id: '536b8c5363e81cc7e86d1ceaab803529') in 0.000383 seconds
Number of updated asset objects reloaded before import = 0
Number of asset objects unloaded after import = 0
========================================================================
Received Import Request.
  Time since last request: 3.659350 seconds.
  path: Assets/Scripts/fsm/states/LobbyState.cs
  artifactKey: Guid(3d6973e7c0ab0c246a679eb284e19b79) Importer(815301076,1909f56bfc062723c751e8b465ee728b)
Start importing Assets/Scripts/fsm/states/LobbyState.cs using Guid(3d6973e7c0ab0c246a679eb284e19b79) Importer(815301076,1909f56bfc062723c751e8b465ee728b)  -> (artifact id: '549b00eb4388d5d4eb650276040530e3') in 0.000382 seconds
Number of updated asset objects reloaded before import = 0
Number of asset objects unloaded after import = 0
========================================================================
Received Import Request.
  Time since last request: 3.057697 seconds.
  path: Assets/Scripts/fsm/states/LoginState.cs
  artifactKey: Guid(9bfb18b253a85754c9f9a67c3b6e0d9d) Importer(815301076,1909f56bfc062723c751e8b465ee728b)
Start importing Assets/Scripts/fsm/states/LoginState.cs using Guid(9bfb18b253a85754c9f9a67c3b6e0d9d) Importer(815301076,1909f56bfc062723c751e8b465ee728b)  -> (artifact id: 'c2b8e5013f4ebecb2c07b4e55d27f88f') in 0.000549 seconds
Number of updated asset objects reloaded before import = 0
Number of asset objects unloaded after import = 0
========================================================================
Received Import Request.
  Time since last request: 4.033412 seconds.
  path: Assets/Scripts/fsm/views/GameView.cs
  artifactKey: Guid(7f78bc514d6f649479b046ef6682a218) Importer(815301076,1909f56bfc062723c751e8b465ee728b)
Start importing Assets/Scripts/fsm/views/GameView.cs using Guid(7f78bc514d6f649479b046ef6682a218) Importer(815301076,1909f56bfc062723c751e8b465ee728b)  -> (artifact id: 'aaadbb23d2b7b7ab7836e560ac180073') in 0.000384 seconds
Number of updated asset objects reloaded before import = 0
Number of asset objects unloaded after import = 0
========================================================================
Received Import Request.
  Time since last request: 3.388183 seconds.
  path: Assets/Scripts/fsm/views/LobbyView.cs
  artifactKey: Guid(b0a52d9edc4a2dd43b287f3315d6384d) Importer(815301076,1909f56bfc062723c751e8b465ee728b)
Start importing Assets/Scripts/fsm/views/LobbyView.cs using Guid(b0a52d9edc4a2dd43b287f3315d6384d) Importer(815301076,1909f56bfc062723c751e8b465ee728b)  -> (artifact id: '7291945c3c2b4e847117000d7587da01') in 0.000373 seconds
Number of updated asset objects reloaded before import = 0
Number of asset objects unloaded after import = 0
========================================================================
Received Import Request.
  Time since last request: 4.396549 seconds.
  path: Assets/Scripts/fsm/views/LoginView.cs
  artifactKey: Guid(ff93aad473861f74bace97673a46b1e9) Importer(815301076,1909f56bfc062723c751e8b465ee728b)
Start importing Assets/Scripts/fsm/views/LoginView.cs using Guid(ff93aad473861f74bace97673a46b1e9) Importer(815301076,1909f56bfc062723c751e8b465ee728b)  -> (artifact id: '30c6a90b7597046c313af0c32d4539ed') in 0.000372 seconds
Number of updated asset objects reloaded before import = 0
Number of asset objects unloaded after import = 0
========================================================================
Received Import Request.
  Time since last request: 368.541824 seconds.
  path: Assets/Scripts/fsm/views/LoginView.cs
  artifactKey: Guid(ff93aad473861f74bace97673a46b1e9) Importer(815301076,1909f56bfc062723c751e8b465ee728b)
Start importing Assets/Scripts/fsm/views/LoginView.cs using Guid(ff93aad473861f74bace97673a46b1e9) Importer(815301076,1909f56bfc062723c751e8b465ee728b)  -> (artifact id: '9ff9418cb891ac7e14a3d548c869ca28') in 0.000544 seconds
Number of updated asset objects reloaded before import = 0
Number of asset objects unloaded after import = 0
========================================================================
Received Prepare
Begin MonoManager ReloadAssembly
- Loaded All Assemblies, in  0.341 seconds
Refreshing native plugins compatible for Editor in 0.77 ms, found 0 plugins.
Native extension for WindowsStandalone target not found
Mono: successfully reloaded assembly
- Finished resetting the current domain, in  0.505 seconds
Domain Reload Profiling: 846ms
	BeginReloadAssembly (157ms)
		ExecutionOrderSort (0ms)
		DisableScriptedObjects (8ms)
		BackupInstance (0ms)
		ReleaseScriptingObjects (0ms)
		CreateAndSetChildDomain (23ms)
	RebuildCommonClasses (43ms)
	RebuildNativeTypeToScriptingClass (12ms)
	initialDomainReloadingComplete (28ms)
	LoadAllAssembliesAndSetupDomain (101ms)
		LoadAssemblies (188ms)
		RebuildTransferFunctionScriptingTraits (0ms)
		AnalyzeDomain (11ms)
			TypeCache.Refresh (6ms)
				TypeCache.ScanAssembly (1ms)
			ScanForSourceGeneratedMonoScriptInfo (2ms)
			ResolveRequiredComponents (3ms)
	FinalizeReload (505ms)
		ReleaseScriptCaches (0ms)
		RebuildScriptCaches (0ms)
		SetupLoadedEditorAssemblies (263ms)
			LogAssemblyErrors (0ms)
			InitializePlatformSupportModulesInManaged (4ms)
			SetLoadedEditorAssemblies (3ms)
			RefreshPlugins (0ms)
			BeforeProcessingInitializeOnLoad (41ms)
			ProcessInitializeOnLoadAttributes (190ms)
			ProcessInitializeOnLoadMethodAttributes (22ms)
			AfterProcessingInitializeOnLoad (4ms)
			EditorAssembliesLoaded (0ms)
		ExecutionOrderSort2 (0ms)
		AwakeInstancesAfterBackupRestoration (9ms)
Refreshing native plugins compatible for Editor in 0.69 ms, found 0 plugins.
Preloading 0 native plugins for Editor in 0.00 ms.
Unloading 772 Unused Serialized files (Serialized files now loaded: 0)
Unloading 8 unused Assets / (25.4 KB). Loaded Objects now: 1264.
Memory consumption went from 69.2 MB to 69.2 MB.
Total: 3.810600 ms (FindLiveObjects: 0.106300 ms CreateObjectMapping: 0.024000 ms MarkObjects: 3.649000 ms  DeleteObjects: 0.030400 ms)

Prepare: number of updated asset objects reloaded= 0
AssetImportParameters requested are different than current active one (requested -> active):
  custom:video-encoder-webm-vp8: eb34c28f22e8b96e1ab97ce403110664 -> 
  custom:video-decoder-webm-vp8: 9c59270c3fd7afecdb556c50c9e8de78 -> 
  custom:audio-decoder-ogg-vorbis: bf7c407c2cedff20999df2af8eb42d56 -> 
  custom:video-decoder-ogg-theora: a1e56fd34408186e4bbccfd4996cb3dc -> 
  custom:audio-encoder-webm-vorbis: bf7c407c2cedff20999df2af8eb42d56 -> 
  custom:SearchIndexIgnoredProperties: e643bd26f0fe6173181afceb89e7c659 -> 
  custom:container-demuxer-ogg: 62fdf1f143b41e24485cea50d1cbac27 -> 
  custom:AudioImporter_EditorPlatform: d09bf68614088b80899f8185d706f6e7 -> 
  custom:CustomObjectIndexerAttribute: 9a22284fe3817be447336de3de66b15e -> 
  custom:framework-win-MediaFoundation: 216162199b28c13a410421893ffa2e32 -> 
  custom:container-demuxer-webm: 4f35f7cbe854078d1ac9338744f61a02 -> 
  custom:container-muxer-webm: aa71ff27fc2769a1b78a27578f13a17b -> 
  custom:video-codec-MediaFoundation-h265: 746d11721c4dcdbdad8f713fa42b33f4 -> 
