Using pre-set license
Built from '2022.3/staging' branch; Version is '2022.3.21f1 (bf09ca542b87) revision 12519882'; Using compiler version '192829333'; Build Type 'Release'
OS: 'Windows 11  (10.0.22631) 64bit Core' Language: 'nl' Physical Memory: 16272 MB
BatchMode: 1, IsHumanControllingUs: 0, StartBugReporterOnCrash: 0, Is64bit: 1, IsPro: 1

COMMAND LINE ARGUMENTS:
D:\Unity\2022.3.21f1\Editor\Unity.exe
-adb2
-batchMode
-noUpm
-name
AssetImportWorker0
-projectPath
D:/CMGT/23-24/Q3_Networking/Assignments/Assignment_4_Sufficient/Networking_Assignment4_Sufficient/client_4
-logFile
Logs/AssetImportWorker0.log
-srvPort
54771
Successfully changed project path to: D:/CMGT/23-24/Q3_Networking/Assignments/Assignment_4_Sufficient/Networking_Assignment4_Sufficient/client_4
D:/CMGT/23-24/Q3_Networking/Assignments/Assignment_4_Sufficient/Networking_Assignment4_Sufficient/client_4
[UnityMemory] Configuration Parameters - Can be set up in boot.config
    "memorysetup-bucket-allocator-granularity=16"
    "memorysetup-bucket-allocator-bucket-count=8"
    "memorysetup-bucket-allocator-block-size=33554432"
    "memorysetup-bucket-allocator-block-count=8"
    "memorysetup-main-allocator-block-size=16777216"
    "memorysetup-thread-allocator-block-size=16777216"
    "memorysetup-gfx-main-allocator-block-size=16777216"
    "memorysetup-gfx-thread-allocator-block-size=16777216"
    "memorysetup-cache-allocator-block-size=4194304"
    "memorysetup-typetree-allocator-block-size=2097152"
    "memorysetup-profiler-bucket-allocator-granularity=16"
    "memorysetup-profiler-bucket-allocator-bucket-count=8"
    "memorysetup-profiler-bucket-allocator-block-size=33554432"
    "memorysetup-profiler-bucket-allocator-block-count=8"
    "memorysetup-profiler-allocator-block-size=16777216"
    "memorysetup-profiler-editor-allocator-block-size=1048576"
    "memorysetup-temp-allocator-size-main=16777216"
    "memorysetup-job-temp-allocator-block-size=2097152"
    "memorysetup-job-temp-allocator-block-size-background=1048576"
    "memorysetup-job-temp-allocator-reduction-small-platforms=262144"
    "memorysetup-allocator-temp-initial-block-size-main=262144"
    "memorysetup-allocator-temp-initial-block-size-worker=262144"
    "memorysetup-temp-allocator-size-background-worker=32768"
    "memorysetup-temp-allocator-size-job-worker=262144"
    "memorysetup-temp-allocator-size-preload-manager=33554432"
    "memorysetup-temp-allocator-size-nav-mesh-worker=65536"
    "memorysetup-temp-allocator-size-audio-worker=65536"
    "memorysetup-temp-allocator-size-cloud-worker=32768"
    "memorysetup-temp-allocator-size-gi-baking-worker=262144"
    "memorysetup-temp-allocator-size-gfx=262144"
Player connection [41660] Host "[IP] 192.168.68.124 [Port] 0 [Flags] 2 [Guid] 1160972174 [EditorId] 1160972174 [Version] 1048832 [Id] WindowsEditor(7,LAPTOP-AMKE) [Debug] 1 [PackageName] WindowsEditor [ProjectName] Editor" joined multi-casting on [225.0.0.222:54997]...

Player connection [41660] Host "[IP] 192.168.68.124 [Port] 0 [Flags] 2 [Guid] 1160972174 [EditorId] 1160972174 [Version] 1048832 [Id] WindowsEditor(7,LAPTOP-AMKE) [Debug] 1 [PackageName] WindowsEditor [ProjectName] Editor" joined alternative multi-casting on [225.0.0.222:34997]...

[Physics::Module] Initialized MultithreadedJobDispatcher with 11 workers.
Refreshing native plugins compatible for Editor in 1.84 ms, found 0 plugins.
Preloading 0 native plugins for Editor in 0.00 ms.
Initialize engine version: 2022.3.21f1 (bf09ca542b87)
[Subsystems] Discovering subsystems at path D:/Unity/2022.3.21f1/Editor/Data/Resources/UnitySubsystems
[Subsystems] Discovering subsystems at path D:/CMGT/23-24/Q3_Networking/Assignments/Assignment_4_Sufficient/Networking_Assignment4_Sufficient/client_4/Assets
GfxDevice: creating device client; threaded=0; jobified=0
Direct3D:
    Version:  Direct3D 11.0 [level 11.1]
    Renderer: NVIDIA GeForce GTX 1050 Ti (ID=0x1c8c)
    Vendor:   NVIDIA
    VRAM:     4017 MB
    Driver:   31.0.15.3734
Initialize mono
Mono path[0] = 'D:/Unity/2022.3.21f1/Editor/Data/Managed'
Mono path[1] = 'D:/Unity/2022.3.21f1/Editor/Data/MonoBleedingEdge/lib/mono/unityjit-win32'
Mono config path = 'D:/Unity/2022.3.21f1/Editor/Data/MonoBleedingEdge/etc'
Using monoOptions --debugger-agent=transport=dt_socket,embedding=1,server=y,suspend=n,address=127.0.0.1:56276
Begin MonoManager ReloadAssembly
Registering precompiled unity dll's ...
Register platform support module: D:/Unity/2022.3.21f1/Editor/Data/PlaybackEngines/WindowsStandaloneSupport/UnityEditor.WindowsStandalone.Extensions.dll
Registered in 0.003296 seconds.
- Loaded All Assemblies, in  0.381 seconds
Native extension for WindowsStandalone target not found
Mono: successfully reloaded assembly
- Finished resetting the current domain, in  0.276 seconds
Domain Reload Profiling: 657ms
	BeginReloadAssembly (119ms)
		ExecutionOrderSort (0ms)
		DisableScriptedObjects (0ms)
		BackupInstance (0ms)
		ReleaseScriptingObjects (0ms)
		CreateAndSetChildDomain (1ms)
	RebuildCommonClasses (35ms)
	RebuildNativeTypeToScriptingClass (11ms)
	initialDomainReloadingComplete (49ms)
	LoadAllAssembliesAndSetupDomain (166ms)
		LoadAssemblies (118ms)
		RebuildTransferFunctionScriptingTraits (0ms)
		AnalyzeDomain (164ms)
			TypeCache.Refresh (163ms)
				TypeCache.ScanAssembly (148ms)
			ScanForSourceGeneratedMonoScriptInfo (0ms)
			ResolveRequiredComponents (0ms)
	FinalizeReload (277ms)
		ReleaseScriptCaches (0ms)
		RebuildScriptCaches (0ms)
		SetupLoadedEditorAssemblies (218ms)
			LogAssemblyErrors (0ms)
			InitializePlatformSupportModulesInManaged (7ms)
			SetLoadedEditorAssemblies (7ms)
			RefreshPlugins (0ms)
			BeforeProcessingInitializeOnLoad (2ms)
			ProcessInitializeOnLoadAttributes (151ms)
			ProcessInitializeOnLoadMethodAttributes (50ms)
			AfterProcessingInitializeOnLoad (0ms)
			EditorAssembliesLoaded (0ms)
		ExecutionOrderSort2 (0ms)
		AwakeInstancesAfterBackupRestoration (0ms)
========================================================================
Worker process is ready to serve import requests
Begin MonoManager ReloadAssembly
Symbol file data-000001C88B566040 doesn't match image D:\CMGT\23-24\Q3_Networking\Assignments\Assignment_4_Sufficient\Networking_Assignment4_Sufficient\client_4\Library\ScriptAssemblies\Assembly-CSharp.dll
Symbol file LoadedFromMemory is not a mono symbol file
Symbol file data-000001C88B566040 doesn't match image D:\CMGT\23-24\Q3_Networking\Assignments\Assignment_4_Sufficient\Networking_Assignment4_Sufficient\client_4\Library\ScriptAssemblies\Assembly-CSharp-Editor.dll
Symbol file LoadedFromMemory is not a mono symbol file
Symbol file data-000001C88B56B850 doesn't match image D:\CMGT\23-24\Q3_Networking\Assignments\Assignment_4_Sufficient\Networking_Assignment4_Sufficient\client_4\Library\ScriptAssemblies\Unity.AI.Navigation.dll
Symbol file LoadedFromMemory is not a mono symbol file
Symbol file data-000001C88B615040 doesn't match image D:\CMGT\23-24\Q3_Networking\Assignments\Assignment_4_Sufficient\Networking_Assignment4_Sufficient\client_4\Library\ScriptAssemblies\Unity.AI.Navigation.Updater.dll
Symbol file LoadedFromMemory is not a mono symbol file
Symbol file data-000001C88B625660 doesn't match image D:\CMGT\23-24\Q3_Networking\Assignments\Assignment_4_Sufficient\Networking_Assignment4_Sufficient\client_4\Library\ScriptAssemblies\Unity.VisualStudio.Editor.dll
Symbol file LoadedFromMemory is not a mono symbol file
Symbol file data-000001C88D109010 doesn't match image D:\CMGT\23-24\Q3_Networking\Assignments\Assignment_4_Sufficient\Networking_Assignment4_Sufficient\client_4\Library\ScriptAssemblies\Unity.TextMeshPro.dll
Symbol file LoadedFromMemory is not a mono symbol file
Symbol file data-000001C88D23B840 doesn't match image D:\CMGT\23-24\Q3_Networking\Assignments\Assignment_4_Sufficient\Networking_Assignment4_Sufficient\client_4\Library\ScriptAssemblies\UnityEditor.UI.dll
Symbol file LoadedFromMemory is not a mono symbol file
Symbol file data-000001C88D05BA30 doesn't match image D:\CMGT\23-24\Q3_Networking\Assignments\Assignment_4_Sufficient\Networking_Assignment4_Sufficient\client_4\Library\ScriptAssemblies\Unity.TextMeshPro.Editor.dll
Symbol file LoadedFromMemory is not a mono symbol file
Symbol file data-000001C88D128E30 doesn't match image D:\CMGT\23-24\Q3_Networking\Assignments\Assignment_4_Sufficient\Networking_Assignment4_Sufficient\client_4\Library\ScriptAssemblies\UnityEngine.UI.dll
Symbol file LoadedFromMemory is not a mono symbol file
Symbol file data-000001C88B62D670 doesn't match image D:\CMGT\23-24\Q3_Networking\Assignments\Assignment_4_Sufficient\Networking_Assignment4_Sufficient\client_4\Library\ScriptAssemblies\Unity.AI.Navigation.Editor.dll
Symbol file LoadedFromMemory is not a mono symbol file
Symbol file data-000001C88D05BA30 doesn't match image D:\CMGT\23-24\Q3_Networking\Assignments\Assignment_4_Sufficient\Networking_Assignment4_Sufficient\client_4\Library\ScriptAssemblies\Unity.Rider.Editor.dll
Symbol file LoadedFromMemory is not a mono symbol file
Symbol file data-000001C88D05BA30 doesn't match image D:\CMGT\23-24\Q3_Networking\Assignments\Assignment_4_Sufficient\Networking_Assignment4_Sufficient\client_4\Library\ScriptAssemblies\Unity.AI.Navigation.Editor.ConversionSystem.dll
Symbol file LoadedFromMemory is not a mono symbol file
Symbol file data-000001C88D067840 doesn't match image D:\CMGT\23-24\Q3_Networking\Assignments\Assignment_4_Sufficient\Networking_Assignment4_Sufficient\client_4\Library\ScriptAssemblies\Unity.VSCode.Editor.dll
Symbol file LoadedFromMemory is not a mono symbol file
- Loaded All Assemblies, in  0.376 seconds
Refreshing native plugins compatible for Editor in 0.72 ms, found 0 plugins.
Native extension for WindowsStandalone target not found
Mono: successfully reloaded assembly
- Finished resetting the current domain, in  0.373 seconds
Domain Reload Profiling: 750ms
	BeginReloadAssembly (154ms)
		ExecutionOrderSort (0ms)
		DisableScriptedObjects (5ms)
		BackupInstance (0ms)
		ReleaseScriptingObjects (0ms)
		CreateAndSetChildDomain (21ms)
	RebuildCommonClasses (38ms)
	RebuildNativeTypeToScriptingClass (12ms)
	initialDomainReloadingComplete (34ms)
	LoadAllAssembliesAndSetupDomain (137ms)
		LoadAssemblies (199ms)
		RebuildTransferFunctionScriptingTraits (0ms)
		AnalyzeDomain (33ms)
			TypeCache.Refresh (24ms)
				TypeCache.ScanAssembly (16ms)
			ScanForSourceGeneratedMonoScriptInfo (5ms)
			ResolveRequiredComponents (3ms)
	FinalizeReload (374ms)
		ReleaseScriptCaches (0ms)
		RebuildScriptCaches (0ms)
		SetupLoadedEditorAssemblies (232ms)
			LogAssemblyErrors (0ms)
			InitializePlatformSupportModulesInManaged (4ms)
			SetLoadedEditorAssemblies (3ms)
			RefreshPlugins (0ms)
			BeforeProcessingInitializeOnLoad (40ms)
			ProcessInitializeOnLoadAttributes (159ms)
			ProcessInitializeOnLoadMethodAttributes (23ms)
			AfterProcessingInitializeOnLoad (2ms)
			EditorAssembliesLoaded (0ms)
		ExecutionOrderSort2 (0ms)
		AwakeInstancesAfterBackupRestoration (9ms)
Launched and connected shader compiler UnityShaderCompiler.exe after 0.07 seconds
Refreshing native plugins compatible for Editor in 0.70 ms, found 0 plugins.
Preloading 0 native plugins for Editor in 0.00 ms.
Unloading 790 Unused Serialized files (Serialized files now loaded: 0)
Unloading 13 unused Assets / (51.4 KB). Loaded Objects now: 1261.
Memory consumption went from 70.9 MB to 70.9 MB.
Total: 2.530000 ms (FindLiveObjects: 0.114900 ms CreateObjectMapping: 0.063200 ms MarkObjects: 2.264100 ms  DeleteObjects: 0.085700 ms)

AssetImportParameters requested are different than current active one (requested -> active):
  custom:video-encoder-webm-vp8: eb34c28f22e8b96e1ab97ce403110664 -> 
  custom:video-decoder-webm-vp8: 9c59270c3fd7afecdb556c50c9e8de78 -> 
  custom:audio-decoder-ogg-vorbis: bf7c407c2cedff20999df2af8eb42d56 -> 
  custom:video-decoder-ogg-theora: a1e56fd34408186e4bbccfd4996cb3dc -> 
  custom:audio-encoder-webm-vorbis: bf7c407c2cedff20999df2af8eb42d56 -> 
  custom:SearchIndexIgnoredProperties: e643bd26f0fe6173181afceb89e7c659 -> 
  custom:container-demuxer-ogg: 62fdf1f143b41e24485cea50d1cbac27 -> 
  custom:AudioImporter_EditorPlatform: d09bf68614088b80899f8185d706f6e7 -> 
  custom:CustomObjectIndexerAttribute: 9a22284fe3817be447336de3de66b15e -> 
  custom:framework-win-MediaFoundation: 216162199b28c13a410421893ffa2e32 -> 
  custom:container-demuxer-webm: 4f35f7cbe854078d1ac9338744f61a02 -> 
  custom:container-muxer-webm: aa71ff27fc2769a1b78a27578f13a17b -> 
  custom:video-codec-MediaFoundation-h265: 746d11721c4dcdbdad8f713fa42b33f4 -> 
========================================================================
Received Import Request.
  Time since last request: 539851.267405 seconds.
  path: Assets
  artifactKey: Guid(00000000000000001000000000000000) Importer(815301076,1909f56bfc062723c751e8b465ee728b)
Start importing Assets using Guid(00000000000000001000000000000000) Importer(815301076,1909f56bfc062723c751e8b465ee728b)  -> (artifact id: '8a4fe85251aa2e89732c359432baa2c3') in 0.003467 seconds
Number of updated asset objects reloaded before import = 0
Number of asset objects unloaded after import = 0
========================================================================
Received Prepare
Begin MonoManager ReloadAssembly
Symbol file data-000001C88BF40830 doesn't match image D:\CMGT\23-24\Q3_Networking\Assignments\Assignment_4_Sufficient\Networking_Assignment4_Sufficient\client_4\Library\ScriptAssemblies\Unity.AI.Navigation.dll
Symbol file LoadedFromMemory is not a mono symbol file
Symbol file data-000001C88BF40830 doesn't match image D:\CMGT\23-24\Q3_Networking\Assignments\Assignment_4_Sufficient\Networking_Assignment4_Sufficient\client_4\Library\ScriptAssemblies\Unity.AI.Navigation.Updater.dll
Symbol file LoadedFromMemory is not a mono symbol file
Symbol file data-000001C88CF64A20 doesn't match image D:\CMGT\23-24\Q3_Networking\Assignments\Assignment_4_Sufficient\Networking_Assignment4_Sufficient\client_4\Library\ScriptAssemblies\Unity.VisualStudio.Editor.dll
Symbol file LoadedFromMemory is not a mono symbol file
Symbol file data-000001C88C892010 doesn't match image D:\CMGT\23-24\Q3_Networking\Assignments\Assignment_4_Sufficient\Networking_Assignment4_Sufficient\client_4\Library\ScriptAssemblies\Unity.TextMeshPro.dll
Symbol file LoadedFromMemory is not a mono symbol file
Symbol file data-000001C88B825440 doesn't match image D:\CMGT\23-24\Q3_Networking\Assignments\Assignment_4_Sufficient\Networking_Assignment4_Sufficient\client_4\Library\ScriptAssemblies\UnityEditor.UI.dll
Symbol file LoadedFromMemory is not a mono symbol file
Symbol file data-000001C88BF40830 doesn't match image D:\CMGT\23-24\Q3_Networking\Assignments\Assignment_4_Sufficient\Networking_Assignment4_Sufficient\client_4\Library\ScriptAssemblies\Unity.TextMeshPro.Editor.dll
Symbol file LoadedFromMemory is not a mono symbol file
Symbol file data-000001C88B6CE010 doesn't match image D:\CMGT\23-24\Q3_Networking\Assignments\Assignment_4_Sufficient\Networking_Assignment4_Sufficient\client_4\Library\ScriptAssemblies\UnityEngine.UI.dll
Symbol file LoadedFromMemory is not a mono symbol file
Symbol file data-000001C88B825440 doesn't match image D:\CMGT\23-24\Q3_Networking\Assignments\Assignment_4_Sufficient\Networking_Assignment4_Sufficient\client_4\Library\ScriptAssemblies\Unity.AI.Navigation.Editor.dll
Symbol file LoadedFromMemory is not a mono symbol file
Symbol file data-000001C88B825440 doesn't match image D:\CMGT\23-24\Q3_Networking\Assignments\Assignment_4_Sufficient\Networking_Assignment4_Sufficient\client_4\Library\ScriptAssemblies\Unity.Rider.Editor.dll
Symbol file LoadedFromMemory is not a mono symbol file
Symbol file data-000001C88C8CAA20 doesn't match image D:\CMGT\23-24\Q3_Networking\Assignments\Assignment_4_Sufficient\Networking_Assignment4_Sufficient\client_4\Library\ScriptAssemblies\Unity.AI.Navigation.Editor.ConversionSystem.dll
Symbol file LoadedFromMemory is not a mono symbol file
Symbol file data-000001C88C8CAA20 doesn't match image D:\CMGT\23-24\Q3_Networking\Assignments\Assignment_4_Sufficient\Networking_Assignment4_Sufficient\client_4\Library\ScriptAssemblies\Unity.VSCode.Editor.dll
Symbol file LoadedFromMemory is not a mono symbol file
- Loaded All Assemblies, in  0.363 seconds
Refreshing native plugins compatible for Editor in 0.87 ms, found 0 plugins.
Native extension for WindowsStandalone target not found
Mono: successfully reloaded assembly
- Finished resetting the current domain, in  0.481 seconds
Domain Reload Profiling: 843ms
	BeginReloadAssembly (155ms)
		ExecutionOrderSort (0ms)
		DisableScriptedObjects (5ms)
		BackupInstance (0ms)
		ReleaseScriptingObjects (0ms)
		CreateAndSetChildDomain (25ms)
	RebuildCommonClasses (50ms)
	RebuildNativeTypeToScriptingClass (13ms)
	initialDomainReloadingComplete (23ms)
	LoadAllAssembliesAndSetupDomain (121ms)
		LoadAssemblies (207ms)
		RebuildTransferFunctionScriptingTraits (0ms)
		AnalyzeDomain (13ms)
			TypeCache.Refresh (6ms)
				TypeCache.ScanAssembly (1ms)
			ScanForSourceGeneratedMonoScriptInfo (3ms)
			ResolveRequiredComponents (3ms)
	FinalizeReload (481ms)
		ReleaseScriptCaches (0ms)
		RebuildScriptCaches (0ms)
		SetupLoadedEditorAssemblies (256ms)
			LogAssemblyErrors (0ms)
			InitializePlatformSupportModulesInManaged (9ms)
			SetLoadedEditorAssemblies (5ms)
			RefreshPlugins (0ms)
			BeforeProcessingInitializeOnLoad (42ms)
			ProcessInitializeOnLoadAttributes (170ms)
			ProcessInitializeOnLoadMethodAttributes (27ms)
			AfterProcessingInitializeOnLoad (3ms)
			EditorAssembliesLoaded (0ms)
		ExecutionOrderSort2 (0ms)
		AwakeInstancesAfterBackupRestoration (13ms)
Refreshing native plugins compatible for Editor in 0.70 ms, found 0 plugins.
Preloading 0 native plugins for Editor in 0.00 ms.
Unloading 785 Unused Serialized files (Serialized files now loaded: 0)
Unloading 8 unused Assets / (25.3 KB). Loaded Objects now: 1277.
Memory consumption went from 69.4 MB to 69.4 MB.
Total: 2.320700 ms (FindLiveObjects: 0.088100 ms CreateObjectMapping: 0.025400 ms MarkObjects: 2.152200 ms  DeleteObjects: 0.052600 ms)

Prepare: number of updated asset objects reloaded= 0
AssetImportParameters requested are different than current active one (requested -> active):
  custom:video-encoder-webm-vp8: eb34c28f22e8b96e1ab97ce403110664 -> 
  custom:video-decoder-webm-vp8: 9c59270c3fd7afecdb556c50c9e8de78 -> 
  custom:audio-decoder-ogg-vorbis: bf7c407c2cedff20999df2af8eb42d56 -> 
  custom:video-decoder-ogg-theora: a1e56fd34408186e4bbccfd4996cb3dc -> 
  custom:audio-encoder-webm-vorbis: bf7c407c2cedff20999df2af8eb42d56 -> 
  custom:SearchIndexIgnoredProperties: e643bd26f0fe6173181afceb89e7c659 -> 
  custom:container-demuxer-ogg: 62fdf1f143b41e24485cea50d1cbac27 -> 
  custom:AudioImporter_EditorPlatform: d09bf68614088b80899f8185d706f6e7 -> 
  custom:CustomObjectIndexerAttribute: 9a22284fe3817be447336de3de66b15e -> 
  custom:framework-win-MediaFoundation: 216162199b28c13a410421893ffa2e32 -> 
  custom:container-demuxer-webm: 4f35f7cbe854078d1ac9338744f61a02 -> 
  custom:container-muxer-webm: aa71ff27fc2769a1b78a27578f13a17b -> 
  custom:video-codec-MediaFoundation-h265: 746d11721c4dcdbdad8f713fa42b33f4 -> 
